<?xml version="1.0" encoding="UTF-8"?>
<!-- Generated by org.testng.reporters.JUnitXMLReporter -->
<testsuite ignored="0" hostname="LAPTOP-H4JPT2A9" failures="2" tests="4" name="Firefox test" time="46.697" errors="0" timestamp="2022-09-28T01:10:27 IST">
  <testcase classname="pack1.TestNG_verify_rooms_page" name="Verify_ReturnToMessenger_button" time="0.016">
    <failure type="java.lang.AssertionError" message="title is wrong expected [rooms page] but found [Messenger]">
      <![CDATA[java.lang.AssertionError: title is wrong expected [rooms page] but found [Messenger]
at pack1.TestNG_verify_rooms_page.Verify_ReturnToMessenger_button(TestNG_verify_rooms_page.java:69)
at java.base/java.util.concurrent.ThreadPoolExecutor.runWorker(ThreadPoolExecutor.java:1136)
at java.base/java.util.concurrent.ThreadPoolExecutor$Worker.run(ThreadPoolExecutor.java:635)
at java.base/java.lang.Thread.run(Thread.java:833)
... Removed 15 stack frames]]>
    </failure>
  </testcase> <!-- Verify_ReturnToMessenger_button -->
  <testcase classname="pack1.TestNG_Verift_Login_And_CreateNewAccount" name="Verify_Login_Credentials" time="7.588"/>
  <testcase classname="pack1.TestNG_verify_rooms_page" name="Verify_VisitToHelpCenter_button" time="4.057"/>
  <testcase classname="pack1.TestNG_Verift_Login_And_CreateNewAccount" name="Verify_CreateNewAccount_Button" time="25.735">
    <failure type="java.lang.AssertionError" message="title is wrong expected [create account] but found [Facebook – log in or sign up]">
      <![CDATA[java.lang.AssertionError: title is wrong expected [create account] but found [Facebook – log in or sign up]
at pack1.TestNG_Verift_Login_And_CreateNewAccount.Verify_CreateNewAccount_Button(TestNG_Verift_Login_And_CreateNewAccount.java:112)
at java.base/java.util.concurrent.ThreadPoolExecutor.runWorker(ThreadPoolExecutor.java:1136)
at java.base/java.util.concurrent.ThreadPoolExecutor$Worker.run(ThreadPoolExecutor.java:635)
at java.base/java.lang.Thread.run(Thread.java:833)
... Removed 15 stack frames]]>
    </failure>
  </testcase> <!-- Verify_CreateNewAccount_Button -->
</testsuite> <!-- Firefox test -->
