<?xml version="1.0" encoding="UTF-8"?>
<!-- Generated by org.testng.reporters.JUnitXMLReporter -->
<testsuite ignored="0" hostname="LAPTOP-H4JPT2A9" failures="1" tests="2" name="Firefox test(failed)" time="11.796" errors="0" timestamp="2022-09-24T14:47:09 IST">
  <testcase classname="pack1.TestNG_Verift_Login_And_CreateNewAccount" name="Verify_Login_Credentials" time="7.379">
    <failure type="java.lang.AssertionError" message="The following asserts failed:
	login url wrong expected [www.fb.com] but found [https://www.facebook.com/]">
      <![CDATA[java.lang.AssertionError: The following asserts failed:
login url wrong expected [www.fb.com] but found [https://www.facebook.com/]
at pack1.TestNG_Verift_Login_And_CreateNewAccount.Verify_Login_Credentials(TestNG_Verift_Login_And_CreateNewAccount.java:74)
at java.base/java.util.concurrent.ThreadPoolExecutor.runWorker(ThreadPoolExecutor.java:1136)
at java.base/java.util.concurrent.ThreadPoolExecutor$Worker.run(ThreadPoolExecutor.java:635)
at java.base/java.lang.Thread.run(Thread.java:833)
... Removed 12 stack frames]]>
    </failure>
  </testcase> <!-- Verify_Login_Credentials -->
  <testcase classname="pack1.TestNG_Verift_Login_And_CreateNewAccount" name="Verify_CreateNewAccount_Button" time="0.0">
    <skipped/>
  </testcase> <!-- Verify_CreateNewAccount_Button -->
</testsuite> <!-- Firefox test(failed) -->
